<?xml version="1.0" encoding="UTF-8"?>
<!-- Generated by org.testng.reporters.JUnitReportReporter -->
<testsuite hostname="USER-20180602NR" name="com.Run.run" tests="1" failures="0" timestamp="6 Feb 2019 09:21:05 GMT" time="32.265" errors="0">
  <testcase name="run_cukes" time="32.265" classname="com.Run.run"/>
</testsuite> <!-- com.Run.run -->
