<?xml version="1.0" encoding="UTF-8"?>
<!-- Generated by org.testng.reporters.JUnitReportReporter -->
<testsuite hostname="USER-20180602NR" name="com.Run.RunStep" tests="1" failures="0" timestamp="6 Feb 2019 10:22:40 GMT" time="0.402" errors="0">
  <testcase name="run_cukes" time="0.402" classname="com.Run.RunStep"/>
</testsuite> <!-- com.Run.RunStep -->
