<?xml version="1.0" encoding="UTF-8"?>
<!-- Generated by org.testng.reporters.JUnitReportReporter -->
<testsuite hostname="USER-20180602NR" name="com.Run.run" tests="1" failures="0" timestamp="6 Feb 2019 08:17:31 GMT" time="12.050" errors="0">
  <testcase name="run_cukes" time="12.050" classname="com.Run.run"/>
</testsuite> <!-- com.Run.run -->
