<?xml version="1.0" encoding="UTF-8"?>
<!-- Generated by org.testng.reporters.JUnitReportReporter -->
<testsuite hostname="USER-20180602NR" name="com.Run.runStep" tests="1" failures="0" timestamp="7 Feb 2019 03:48:03 GMT" time="10.069" errors="0">
  <testcase name="run_cukes" time="10.069" classname="com.Run.runStep"/>
</testsuite> <!-- com.Run.runStep -->
