<?xml version="1.0" encoding="UTF-8"?>
<!-- Generated by org.testng.reporters.JUnitReportReporter -->
<testsuite hostname="USER-20180602NR" name="com.BDDOperation.BDDSendEmail" tests="1" failures="0" timestamp="6 Feb 2019 03:22:20 GMT" time="5.290" errors="0">
  <testcase name="SendEmail" time="5.290" classname="com.BDDOperation.BDDSendEmail"/>
</testsuite> <!-- com.BDDOperation.BDDSendEmail -->
